<?xml version="1.0" encoding="utf-8" standalone="no"?>
<!--This file represents the results of running a test suite-->
<test-results name="D:\GitHubData\RpcOnTcpChannel\RpcOnTcpChannel\NUnitTest\bin\Debug\NUnitTest.dll" total="2" errors="0" failures="0" not-run="0" inconclusive="0" ignored="0" skipped="0" invalid="0" date="2015-07-14" time="15:36:19">
  <environment nunit-version="2.6.2.12296" clr-version="2.0.50727.5420" os-version="Microsoft Windows NT 6.1.7601 Service Pack 1" platform="Win32NT" cwd="D:\Program Files (x86)\NUnit 2.6.2\bin" machine-name="SAOSINWORK-PC" user="saosinwork" user-domain="saosinwork-PC" />
  <culture-info current-culture="zh-CN" current-uiculture="zh-CN" />
  <test-suite type="Assembly" name="D:\GitHubData\RpcOnTcpChannel\RpcOnTcpChannel\NUnitTest\bin\Debug\NUnitTest.dll" executed="True" result="Success" success="True" time="0.008" asserts="0">
    <results>
      <test-suite type="Namespace" name="NUnitTest" executed="True" result="Success" success="True" time="0.007" asserts="0">
        <results>
          <test-suite type="TestFixture" name="Test_HttpManager" executed="True" result="Success" success="True" time="0.007" asserts="0">
            <results>
              <test-case name="NUnitTest.Test_HttpManager.TestEncodeDecodeData" executed="True" result="Success" success="True" time="0.002" asserts="6" />
              <test-case name="NUnitTest.Test_HttpManager.TestServerDecodeData" executed="True" result="Success" success="True" time="0.001" asserts="5" />
            </results>
          </test-suite>
        </results>
      </test-suite>
    </results>
  </test-suite>
</test-results>